<?xml version="1.0" encoding="UTF-8"?>
<!-- Generated by org.testng.reporters.JUnitReportReporter -->
<testsuite hostname="DESKTOP-7VS87GN" name="TestCases.Sorting" tests="2" failures="0" timestamp="28 Jun 2022 07:09:04 GMT" time="0.189" errors="0">
  <testcase name="sort" time="0.123" classname="TestCases.Sorting"/>
  <testcase name="assertSorting" time="0.066" classname="TestCases.Sorting"/>
</testsuite> <!-- TestCases.Sorting -->
