<?xml version="1.0" encoding="UTF-8"?>
<!-- Generated by org.testng.reporters.JUnitReportReporter -->
<testsuite hostname="DESKTOP-7VS87GN" name="TestCases.Cart" tests="3" failures="0" timestamp="28 Jun 2022 07:09:04 GMT" time="0.188" errors="0">
  <testcase name="navigateToCart" time="0.088" classname="TestCases.Cart"/>
  <testcase name="addToCart" time="0.062" classname="TestCases.Cart"/>
  <testcase name="cartAssert" time="0.038" classname="TestCases.Cart"/>
</testsuite> <!-- TestCases.Cart -->
