<?xml version="1.0" encoding="UTF-8"?>
<!-- Generated by org.testng.reporters.JUnitReportReporter -->
<testsuite hostname="DESKTOP-7VS87GN" name="TestCases.Login" tests="2" failures="0" timestamp="21 Nov 2022 07:40:56 GMT" time="15.323" errors="0">
  <testcase name="validLogin" time="7.730" classname="TestCases.Login"/>
  <testcase name="invalidLogin" time="7.593" classname="TestCases.Login"/>
</testsuite> <!-- TestCases.Login -->
