<?xml version="1.0" encoding="UTF-8"?>
<!-- Generated by org.testng.reporters.JUnitReportReporter -->
<testsuite hostname="DESKTOP-7VS87GN" name="TestCases.Task6C1" tests="2" failures="0" timestamp="28 Nov 2022 14:50:38 GMT" time="13.416" errors="0">
  <testcase name="designingResource" time="1.763" classname="TestCases.Task6C1"/>
  <testcase name="programmingResource" time="11.653" classname="TestCases.Task6C1"/>
</testsuite> <!-- TestCases.Task6C1 -->
