<?xml version="1.0" encoding="UTF-8"?>
<!-- Generated by org.testng.reporters.JUnitReportReporter -->
<testsuite hostname="DESKTOP-7VS87GN" name="TestCases.Task6C1" tests="2" failures="0" timestamp="5 Dec 2022 14:27:27 GMT" time="17.001" errors="0">
  <testcase name="programmingResource" time="14.704" classname="TestCases.Task6C1"/>
  <testcase name="designingResource" time="2.297" classname="TestCases.Task6C1"/>
</testsuite> <!-- TestCases.Task6C1 -->
