<?xml version="1.0" encoding="UTF-8"?>
<!-- Generated by org.testng.reporters.JUnitReportReporter -->
<testsuite hostname="DESKTOP-7VS87GN" name="TestCases.MultipleTests" tests="3" failures="0" timestamp="28 Jun 2022 07:09:04 GMT" time="16.046" errors="0">
  <testcase name="sauceLab" time="6.928" classname="TestCases.MultipleTests"/>
  <testcase name="fb" time="5.491" classname="TestCases.MultipleTests"/>
  <testcase name="myForm" time="3.627" classname="TestCases.MultipleTests"/>
</testsuite> <!-- TestCases.MultipleTests -->
